[22:15:02] [Client thread/INFO]: Setting user: Player718
[22:15:06] [Client thread/INFO]: LWJGL Version: 2.9.1
[22:15:11] [Client thread/INFO]: Reloading ResourceManager: Default, FMLFileResourcePack:Forge Mod Loader, FMLFileResourcePack:Minecraft Forge, FMLFileResourcePack:Mod for IB Computer Science IA
[22:15:12] [Sound Library Loader/INFO]: Starting up SoundSystem...
[22:15:12] [Thread-6/INFO]: Initializing LWJGL OpenAL
[22:15:12] [Thread-6/INFO]: (The LWJGL binding of OpenAL.  For more information, see http://www.lwjgl.org)
[22:15:13] [Thread-6/INFO]: OpenAL initialized.
[22:15:13] [Sound Library Loader/INFO]: Sound engine started
[22:15:19] [Client thread/INFO]: Created: 512x512 textures-atlas
[22:15:20] [Client thread/INFO]: Reloading ResourceManager: Default, FMLFileResourcePack:Forge Mod Loader, FMLFileResourcePack:Minecraft Forge, FMLFileResourcePack:Mod for IB Computer Science IA
[22:15:21] [Client thread/INFO]: SoundSystem shutting down...
[22:15:21] [Client thread/WARN]: Author: Paul Lamb, www.paulscode.com
[22:15:21] [Sound Library Loader/INFO]: Starting up SoundSystem...
[22:15:21] [Thread-8/INFO]: Initializing LWJGL OpenAL
[22:15:21] [Thread-8/INFO]: (The LWJGL binding of OpenAL.  For more information, see http://www.lwjgl.org)
[22:15:21] [Thread-8/INFO]: OpenAL initialized.
[22:15:21] [Sound Library Loader/INFO]: Sound engine started
[22:15:26] [Client thread/INFO]: Created: 512x512 textures-atlas
[22:15:45] [Client thread/INFO]: Stopping!
[22:15:45] [Client thread/INFO]: SoundSystem shutting down...
[22:15:45] [Client thread/WARN]: Author: Paul Lamb, www.paulscode.com
