[20:18:35] [Client thread/INFO]: Setting user: Player555
[20:18:40] [Client thread/INFO]: LWJGL Version: 2.9.1
[20:18:44] [Client thread/INFO]: Reloading ResourceManager: Default, FMLFileResourcePack:Forge Mod Loader, FMLFileResourcePack:Minecraft Forge, FMLFileResourcePack:Mod for IB Computer Science IA
[20:18:47] [Sound Library Loader/INFO]: Starting up SoundSystem...
[20:18:47] [Thread-6/INFO]: Initializing LWJGL OpenAL
[20:18:47] [Thread-6/INFO]: (The LWJGL binding of OpenAL.  For more information, see http://www.lwjgl.org)
[20:18:48] [Thread-6/INFO]: OpenAL initialized.
[20:18:48] [Sound Library Loader/INFO]: Sound engine started
[20:18:52] [Client thread/INFO]: Created: 512x512 textures-atlas
[20:18:54] [Client thread/INFO]: Reloading ResourceManager: Default, FMLFileResourcePack:Forge Mod Loader, FMLFileResourcePack:Minecraft Forge, FMLFileResourcePack:Mod for IB Computer Science IA
[20:18:54] [Client thread/INFO]: SoundSystem shutting down...
[20:18:54] [Client thread/WARN]: Author: Paul Lamb, www.paulscode.com
[20:18:54] [Sound Library Loader/INFO]: Starting up SoundSystem...
[20:18:55] [Thread-8/INFO]: Initializing LWJGL OpenAL
[20:18:55] [Thread-8/INFO]: (The LWJGL binding of OpenAL.  For more information, see http://www.lwjgl.org)
[20:18:55] [Thread-8/INFO]: OpenAL initialized.
[20:18:55] [Sound Library Loader/INFO]: Sound engine started
[20:18:59] [Client thread/INFO]: Created: 512x512 textures-atlas
[20:19:16] [Client thread/INFO]: Stopping!
[20:19:16] [Client thread/INFO]: SoundSystem shutting down...
[20:19:16] [Client thread/WARN]: Author: Paul Lamb, www.paulscode.com
